AroundMe/build/outputs/mapping/release/seeds.txt
com.aroundme.Login
com.aroundme.Login: Login()
com.aroundme.MainActivity
com.aroundme.MainActivity: MainActivity()
com.aroundme.MapsActivity
com.aroundme.MapsActivity: MapsActivity()
com.aroundme.MyApplication
com.aroundme.MyApplication: MyApplication()
com.aroundme.R$anim: int abc_fade_in
com.aroundme.R$anim: int abc_fade_out
com.aroundme.R$anim: int abc_grow_fade_in_from_bottom
com.aroundme.R$anim: int abc_shrink_fade_out_from_bottom
com.aroundme.R$anim: int abc_slide_in_bottom
com.aroundme.R$anim: int abc_slide_in_top
com.aroundme.R$anim: int abc_slide_out_bottom
com.aroundme.R$anim: int abc_slide_out_top
com.aroundme.R$attr: int actionBarDivider
com.aroundme.R$attr: int actionBarItemBackground
com.aroundme.R$attr: int actionBarPopupTheme
com.aroundme.R$attr: int actionBarSize
com.aroundme.R$attr: int actionBarSplitStyle
com.aroundme.R$attr: int actionBarStyle
com.aroundme.R$attr: int actionBarTabBarStyle
com.aroundme.R$attr: int actionBarTabStyle
com.aroundme.R$attr: int actionBarTabTextStyle
com.aroundme.R$attr: int actionBarTheme
com.aroundme.R$attr: int actionBarWidgetTheme
com.aroundme.R$attr: int actionButtonStyle
com.aroundme.R$attr: int actionDropDownStyle
com.aroundme.R$attr: int actionLayout
com.aroundme.R$attr: int actionMenuTextAppearance
com.aroundme.R$attr: int actionMenuTextColor
com.aroundme.R$attr: int actionModeBackground
com.aroundme.R$attr: int actionModeCloseButtonStyle
com.aroundme.R$attr: int actionModeCloseDrawable
com.aroundme.R$attr: int actionModeCopyDrawable
com.aroundme.R$attr: int actionModeCutDrawable
com.aroundme.R$attr: int actionModeFindDrawable
com.aroundme.R$attr: int actionModePasteDrawable
com.aroundme.R$attr: int actionModePopupWindowStyle
com.aroundme.R$attr: int actionModeSelectAllDrawable
com.aroundme.R$attr: int actionModeShareDrawable
com.aroundme.R$attr: int actionModeSplitBackground
com.aroundme.R$attr: int actionModeStyle
com.aroundme.R$attr: int actionModeWebSearchDrawable
com.aroundme.R$attr: int actionOverflowButtonStyle
com.aroundme.R$attr: int actionOverflowMenuStyle
com.aroundme.R$attr: int actionProviderClass
com.aroundme.R$bool: int abc_action_bar_embed_tabs
com.aroundme.R$bool: int abc_action_bar_embed_tabs_pre_jb
com.aroundme.R$bool: int abc_action_bar_expanded_action_views_exclusive
com.aroundme.R$bool: int abc_config_actionMenuItemAllCaps
com.aroundme.R$bool: int abc_config_allowActionMenuItemTextWithIcon
com.aroundme.R$bool: int abc_config_showMenuShortcutsWhenKeyboardPresent
com.aroundme.R$color: int abc_background_cache_hint_selector_material_dark
com.aroundme.R$color: int abc_background_cache_hint_selector_material_light
com.aroundme.R$color: int abc_input_method_navigation_guard
com.aroundme.R$color: int abc_primary_text_disable_only_material_dark
com.aroundme.R$color: int abc_primary_text_disable_only_material_light
com.aroundme.R$color: int abc_primary_text_material_dark
com.aroundme.R$color: int abc_primary_text_material_light
com.aroundme.R$color: int abc_search_url_text
com.aroundme.R$color: int abc_search_url_text_normal
com.aroundme.R$color: int abc_search_url_text_pressed
com.aroundme.R$color: int abc_search_url_text_selected
com.aroundme.R$color: int abc_secondary_text_material_dark
com.aroundme.R$color: int abc_secondary_text_material_light
com.aroundme.R$color: int accent_material_dark
com.aroundme.R$color: int accent_material_light
com.aroundme.R$color: int background_floating_material_dark
com.aroundme.R$color: int background_floating_material_light
com.aroundme.R$color: int background_material_dark
com.aroundme.R$color: int background_material_light
com.aroundme.R$color: int bright_foreground_disabled_material_dark
com.aroundme.R$color: int bright_foreground_disabled_material_light
com.aroundme.R$color: int bright_foreground_inverse_material_dark
com.aroundme.R$color: int bright_foreground_inverse_material_light
com.aroundme.R$color: int bright_foreground_material_dark
com.aroundme.R$color: int bright_foreground_material_light
...
com.google.android.gms.wearable.internal.ab
com.google.android.gms.wearable.internal.ab: android.os.Parcelable$Creator CREATOR
com.google.android.gms.wearable.internal.ai
com.google.android.gms.wearable.internal.ai: android.os.Parcelable$Creator CREATOR
com.google.android.gms.wearable.internal.al
com.google.android.gms.wearable.internal.al: android.os.Parcelable$Creator CREATOR
com.google.android.gms.wearable.internal.an
com.google.android.gms.wearable.internal.an: android.os.Parcelable$Creator CREATOR
com.google.android.gms.wearable.internal.ap
com.google.android.gms.wearable.internal.ap: android.os.Parcelable$Creator CREATOR
com.google.android.gms.wearable.internal.ar
com.google.android.gms.wearable.internal.ar: android.os.Parcelable$Creator CREATOR
com.google.android.gms.wearable.internal.at
com.google.android.gms.wearable.internal.at: android.os.Parcelable$Creator CREATOR
com.google.android.gms.wearable.internal.aw
com.google.android.gms.wearable.internal.aw: android.os.Parcelable$Creator CREATOR
com.google.android.gms.wearable.internal.b
com.google.android.gms.wearable.internal.b: android.os.Parcelable$Creator CREATOR
com.google.android.gms.wearable.internal.m
com.google.android.gms.wearable.internal.m: android.os.Parcelable$Creator CREATOR
com.google.android.gms.wearable.internal.p
com.google.android.gms.wearable.internal.p: android.os.Parcelable$Creator CREATOR
com.google.android.gms.wearable.internal.r
com.google.android.gms.wearable.internal.r: android.os.Parcelable$Creator CREATOR
com.google.android.gms.wearable.internal.t
com.google.android.gms.wearable.internal.t: android.os.Parcelable$Creator CREATOR
com.google.android.gms.wearable.internal.v
com.google.android.gms.wearable.internal.v: android.os.Parcelable$Creator CREATOR
com.google.android.gms.wearable.internal.x
com.google.android.gms.wearable.internal.x: android.os.Parcelable$Creator CREATOR
com.google.android.gms.wearable.internal.z
com.google.android.gms.wearable.internal.z: android.os.Parcelable$Creator CREATOR
com.google.api.client.auth.oauth.OAuthAuthorizeTemporaryTokenUrl: java.lang.String temporaryToken
com.google.api.client.auth.oauth.OAuthCallbackUrl: java.lang.String token
com.google.api.client.auth.oauth.OAuthCallbackUrl: java.lang.String verifier
com.google.api.client.auth.oauth.OAuthCredentialsResponse: java.lang.String token
com.google.api.client.auth.oauth.OAuthCredentialsResponse: java.lang.String tokenSecret
com.google.api.client.auth.oauth.OAuthCredentialsResponse: java.lang.Boolean callbackConfirmed
com.google.api.client.auth.oauth2.AuthorizationCodeResponseUrl: java.lang.String code
com.google.api.client.auth.oauth2.AuthorizationCodeResponseUrl: java.lang.String state
com.google.api.client.auth.oauth2.AuthorizationCodeResponseUrl: java.lang.String error
com.google.api.client.auth.oauth2.AuthorizationCodeResponseUrl: java.lang.String errorDescription
com.google.api.client.auth.oauth2.AuthorizationCodeResponseUrl: java.lang.String errorUri
com.google.api.client.auth.oauth2.AuthorizationCodeTokenRequest: java.lang.String code
com.google.api.client.auth.oauth2.AuthorizationCodeTokenRequest: java.lang.String redirectUri
com.google.api.client.auth.oauth2.AuthorizationRequestUrl: java.lang.String responseTypes
com.google.api.client.auth.oauth2.AuthorizationRequestUrl: java.lang.String redirectUri
com.google.api.client.auth.oauth2.AuthorizationRequestUrl: java.lang.String scopes
com.google.api.client.auth.oauth2.AuthorizationRequestUrl: java.lang.String clientId
com.google.api.client.auth.oauth2.AuthorizationRequestUrl: java.lang.String state
com.google.api.client.auth.oauth2.PasswordTokenRequest: java.lang.String username
com.google.api.client.auth.oauth2.PasswordTokenRequest: java.lang.String password
com.google.api.client.auth.oauth2.RefreshTokenRequest: java.lang.String refreshToken