AroundMe/build/outputs/mapping/release/mapping.txt
com.aroundme.CloudEndpointUtils -> com.aroundme.a:
    com.google.api.client.googleapis.services.AbstractGoogleClient$Builder updateBuilder(com.google.api.client.googleapis.services.AbstractGoogleClient$Builder) -> a
com.aroundme.CloudEndpointUtils$1 -> com.aroundme.b:
    boolean val$enableGZip -> a
    void initialize(com.google.api.client.googleapis.services.AbstractGoogleClientRequest) -> a
com.aroundme.EndpointApiCreator -> com.aroundme.c:
    boolean isInitialized -> a
    com.google.api.client.googleapis.extensions.android.gms.auth.GoogleAccountCredential credential -> b
    java.util.HashMap endpointsList -> c
    void initialize(com.google.api.client.googleapis.extensions.android.gms.auth.GoogleAccountCredential) -> a
    com.google.api.client.googleapis.services.json.AbstractGoogleJsonClient getApi(java.lang.Class) -> a
com.aroundme.EndpointApiCreator$1 -> com.aroundme.d:
    void initialize(com.google.api.client.http.HttpRequest) -> a
com.aroundme.Login -> com.aroundme.Login:
    android.widget.ListView lv -> g
    android.widget.ArrayAdapter arrayAdapter -> a
    java.util.List usersList -> b
    java.util.ArrayList CustomListViewValuesArr -> c
    android.widget.ListView list -> h
    com.aroundme.UserListAdapter adapter -> i
    java.lang.String user_email -> d
    int usersListSize -> e
    int newMsgCount -> f
    void onCreate(android.os.Bundle) -> onCreate
    void onItemClick(int) -> a
    void showUsers(java.lang.String) -> a
    void onResume() -> onResume
    boolean onCreateOptionsMenu(android.view.Menu) -> onCreateOptionsMenu
    boolean onOptionsItemSelected(android.view.MenuItem) -> onOptionsItemSelected
    com.aroundme.UserListAdapter access$000(com.aroundme.Login) -> a
    android.widget.ListView access$100(com.aroundme.Login) -> b
com.aroundme.Login$1 -> com.aroundme.e:
    com.aroundme.Login this$0 -> a
    java.lang.Void doInBackground(java.lang.Void[]) -> a
    java.lang.Object doInBackground(java.lang.Object[]) -> doInBackground
com.aroundme.Login$2 -> com.aroundme.f:
    com.aroundme.Login this$0 -> a
    void onClick(android.view.View) -> onClick
com.aroundme.Login$2$1 -> com.aroundme.g:
    com.aroundme.Login$2 this$1 -> a
    void onClick(android.content.DialogInterface,int) -> onClick
com.aroundme.Login$2$2 -> com.aroundme.h:
    com.aroundme.Login$2 this$1 -> a
    void onClick(android.content.DialogInterface,int) -> onClick
com.aroundme.Login$3 -> com.aroundme.i:
    com.aroundme.Login this$0 -> a
    void onClick(android.view.View) -> onClick
com.aroundme.Login$4 -> com.aroundme.j:
    com.aroundme.Login this$0 -> a
    void run() -> run
com.aroundme.Login$4$1 -> com.aroundme.k:
    com.aroundme.Login$4 this$1 -> a
    void run() -> run
com.aroundme.Login$4$2 -> com.aroundme.l:
    com.aroundme.Login$4 this$1 -> a
    void run() -> run
com.aroundme.Login$5 -> com.aroundme.m:
    com.aroundme.messageEndpoint.ChatDBHandler val$cdb -> a
    java.lang.String val$email -> b
    java.lang.String val$name -> c
    java.util.ArrayList val$bitmapArray -> d
    com.aroundme.Login this$0 -> e
    void run() -> run
...
com.google.android.gms.fitness.request.DataTypeCreateRequest -> com.google.android.gms.fitness.request.DataTypeCreateRequest:
    int CK -> a
    java.lang.String mName -> b
    java.util.List Uv -> c
    android.os.Parcelable$Creator CREATOR -> CREATOR
    java.lang.String getName() -> a
    java.util.List getFields() -> b
    boolean equals(java.lang.Object) -> equals
    boolean a(com.google.android.gms.fitness.request.DataTypeCreateRequest) -> a
    int hashCode() -> hashCode
    java.lang.String toString() -> toString
    int getVersionCode() -> c
    int describeContents() -> describeContents
    void writeToParcel(android.os.Parcel,int) -> writeToParcel
com.google.android.gms.fitness.request.SessionInsertRequest -> com.google.android.gms.fitness.request.SessionInsertRequest:
    int CK -> a
    com.google.android.gms.fitness.data.Session TQ -> b
    java.util.List Ua -> c
    java.util.List Wh -> d
    android.os.Parcelable$Creator CREATOR -> CREATOR
    com.google.android.gms.fitness.data.Session getSession() -> a
    java.util.List getDataSets() -> b
    java.util.List getAggregateDataPoints() -> c
    boolean equals(java.lang.Object) -> equals
    boolean a(com.google.android.gms.fitness.request.SessionInsertRequest) -> a
    int hashCode() -> hashCode
    java.lang.String toString() -> toString
    int getVersionCode() -> d
    int describeContents() -> describeContents
    void writeToParcel(android.os.Parcel,int) -> writeToParcel
com.google.android.gms.fitness.request.SessionReadRequest -> com.google.android.gms.fitness.request.SessionReadRequest:
    int CK -> a
    java.lang.String Wj -> b
    java.lang.String vZ -> c
    long LW -> d
    long TO -> e
    java.util.List TY -> f
    java.util.List VH -> g
    boolean Wk -> h
    boolean VR -> i
    java.util.List Wl -> j
    android.os.Parcelable$Creator CREATOR -> CREATOR
    java.lang.String getSessionName() -> a
    java.lang.String getSessionId() -> b
    java.util.List getDataTypes() -> c
    java.util.List getDataSources() -> d
    java.util.List getExcludedPackages() -> e
    boolean jV() -> f
    boolean equals(java.lang.Object) -> equals
    boolean a(com.google.android.gms.fitness.request.SessionReadRequest) -> a
    int hashCode() -> hashCode
    java.lang.String toString() -> toString
    long jp() -> g
    long jo() -> h
    boolean kj() -> i
    int getVersionCode() -> j
    int describeContents() -> describeContents
    void writeToParcel(android.os.Parcel,int) -> writeToParcel
com.google.android.gms.fitness.request.StartBleScanRequest -> com.google.android.gms.fitness.request.StartBleScanRequest:
    int CK -> a
    java.util.List TY -> b
    com.google.android.gms.fitness.request.l Wm -> c
    int Wn -> d
    android.os.Parcelable$Creator CREATOR -> CREATOR
    java.util.List getDataTypes() -> a
    int getTimeoutSecs() -> b
    android.os.IBinder km() -> c
    java.lang.String toString() -> toString
    int getVersionCode() -> d
    int describeContents() -> describeContents
    void writeToParcel(android.os.Parcel,int) -> writeToParcel
com.google.android.gms.fitness.request.aa -> com.google.android.gms.fitness.request.aa:
    int CK -> a
    android.app.PendingIntent mPendingIntent -> b
    android.os.Parcelable$Creator CREATOR -> CREATOR
    android.app.PendingIntent kb() -> a
    int getVersionCode() -> b
    int describeContents() -> describeContents
    void writeToParcel(android.os.Parcel,int) -> writeToParcel
    java.lang.String toString() -> toString
    boolean equals(java.lang.Object) -> equals
    boolean a(com.google.android.gms.fitness.request.aa) -> a
    int hashCode() -> hashCode