AroundMe/build/outputs/mapping/release/usage.txt
com.aroundme.BuildConfig
com.aroundme.CloudEndpointUtils:
    protected static final boolean LOCAL_ANDROID_RUN
    protected static final java.lang.String LOCAL_APP_ENGINE_SERVER_URL
    protected static final java.lang.String LOCAL_APP_ENGINE_SERVER_URL_FOR_ANDROID
    26:26:public CloudEndpointUtils()
    93:95:public static void logAndShow(android.app.Activity,java.lang.String,java.lang.String)
    109:121:public static void logAndShow(android.app.Activity,java.lang.String,java.lang.Throwable)
    132:140:public static void showError(android.app.Activity,java.lang.String)
com.aroundme.CloudEndpointUtils$2
com.aroundme.EndpointApiCreator:
    20:20:public EndpointApiCreator()
com.aroundme.GPSTracker
com.aroundme.GPSTracker$1
com.aroundme.GPSTracker$2
com.aroundme.Gmap
com.aroundme.Login:
    public static final java.lang.String EXTRA_MESSAGE
com.aroundme.MainActivity:
    static final java.lang.String TAG
    private static final int PLAY_SERVICES_RESOLUTION_REQUEST
    public static final java.lang.String EXTRA_MESSAGE
    public static final java.lang.String PROPERTY_REG_ID
    private static final java.lang.String PROPERTY_APP_VERSION
    android.content.SharedPreferences prefs
    390:397:private void storeRegistrationId(android.content.Context,java.lang.String)
com.aroundme.MainActivity$UpstreamMsg
com.aroundme.Manifest
com.aroundme.Manifest$permission
com.aroundme.Msg:
    private java.lang.String hour
    26:26:public java.lang.String getEmail()
    30:31:public void setEmail(java.lang.String)
    38:39:public void setMessage(java.lang.String)
    42:43:public void setHeure(java.lang.String)
    45:45:public java.lang.String getHeure()
    52:53:public void setDate(java.lang.String)
    56:56:public java.lang.String getName()
    60:61:public void setName(java.lang.String)
    69:70:public void setFromHow(java.lang.String)
com.aroundme.MyApplication:
    private java.lang.String someVariable
    13:13:public java.lang.String getSomeVariable()
    17:18:public void setSomeVariable(java.lang.String)
com.aroundme.R
com.aroundme.R$anim
com.aroundme.R$attr
com.aroundme.R$bool
com.aroundme.R$color
com.aroundme.R$dimen
com.aroundme.R$drawable
com.aroundme.R$id
com.aroundme.R$integer
com.aroundme.R$layout
com.aroundme.R$menu
com.aroundme.R$raw
com.aroundme.R$string
com.aroundme.R$style
com.aroundme.R$styleable
com.aroundme.SignUp:
    static final java.lang.String TAG
    android.widget.EditText nameEt
    android.widget.EditText emailEt
    android.widget.EditText passwordEt
    android.widget.Button signUpButton
    private static final int PLAY_SERVICES_RESOLUTION_REQUEST
    public static final java.lang.String EXTRA_MESSAGE
    public static final java.lang.String PROPERTY_REG_ID
    private static final java.lang.String PROPERTY_APP_VERSION
    android.widget.Button registerButton
    android.content.SharedPreferences prefs
    375:382:private void storeRegistrationId(android.content.Context,java.lang.String)
com.aroundme.SignUp$UpstreamMsg
com.aroundme.bl.MainController
com.aroundme.deviceinfoendpoint.Deviceinfoendpoint:
    public static final java.lang.String DEFAULT_ROOT_URL
    public static final java.lang.String DEFAULT_SERVICE_PATH
    public static final java.lang.String DEFAULT_BASE_URL
    104:105:public Deviceinfoendpoint(com.google.api.client.http.HttpTransport,com.google.api.client.json.JsonFactory,com.google.api.client.http.HttpRequestInitializer)
    309:311:public com.aroundme.deviceinfoendpoint.Deviceinfoendpoint$ListDeviceInfo listDeviceInfo()
    425:427:public com.aroundme.deviceinfoendpoint.Deviceinfoendpoint$RemoveDeviceInfo removeDeviceInfo(java.lang.String)
    518:520:public com.aroundme.deviceinfoendpoint.Deviceinfoendpoint$UpdateDeviceInfo updateDeviceInfo(com.aroundme.deviceinfoendpoint.model.DeviceInfo)
...
com.fasterxml.jackson.core.sym.Name1
com.fasterxml.jackson.core.sym.Name2
com.fasterxml.jackson.core.sym.Name3
com.fasterxml.jackson.core.sym.NameN
com.fasterxml.jackson.core.type.ResolvedType
com.fasterxml.jackson.core.type.TypeReference
com.fasterxml.jackson.core.util.BufferRecycler
com.fasterxml.jackson.core.util.BufferRecycler$ByteBufferType
com.fasterxml.jackson.core.util.BufferRecycler$CharBufferType
com.fasterxml.jackson.core.util.ByteArrayBuilder
com.fasterxml.jackson.core.util.DefaultPrettyPrinter
com.fasterxml.jackson.core.util.DefaultPrettyPrinter$FixedSpaceIndenter
com.fasterxml.jackson.core.util.DefaultPrettyPrinter$Indenter
com.fasterxml.jackson.core.util.DefaultPrettyPrinter$Lf2SpacesIndenter
com.fasterxml.jackson.core.util.DefaultPrettyPrinter$NopIndenter
com.fasterxml.jackson.core.util.Instantiatable
com.fasterxml.jackson.core.util.InternCache
com.fasterxml.jackson.core.util.JsonGeneratorDelegate
com.fasterxml.jackson.core.util.JsonParserDelegate
com.fasterxml.jackson.core.util.JsonParserSequence
com.fasterxml.jackson.core.util.MinimalPrettyPrinter
com.fasterxml.jackson.core.util.TextBuffer
com.fasterxml.jackson.core.util.VersionUtil
com.google.ads.AdRequest
com.google.ads.AdRequest$ErrorCode
com.google.ads.AdRequest$Gender
com.google.ads.AdSize
com.google.ads.mediation.EmptyNetworkExtras
com.google.ads.mediation.MediationAdRequest
com.google.ads.mediation.MediationAdapter
com.google.ads.mediation.MediationBannerAdapter
com.google.ads.mediation.MediationBannerListener
com.google.ads.mediation.MediationInterstitialAdapter
com.google.ads.mediation.MediationInterstitialListener
com.google.ads.mediation.MediationServerParameters
com.google.ads.mediation.MediationServerParameters$MappingException
com.google.ads.mediation.MediationServerParameters$Parameter
com.google.ads.mediation.NetworkExtras
com.google.ads.mediation.admob.AdMobAdapter
com.google.ads.mediation.admob.AdMobAdapter$a
com.google.ads.mediation.admob.AdMobAdapter$b
com.google.ads.mediation.customevent.CustomEvent
com.google.ads.mediation.customevent.CustomEventAdapter
com.google.ads.mediation.customevent.CustomEventAdapter$a
com.google.ads.mediation.customevent.CustomEventAdapter$b
com.google.ads.mediation.customevent.CustomEventBanner
com.google.ads.mediation.customevent.CustomEventBannerListener
com.google.ads.mediation.customevent.CustomEventInterstitial
com.google.ads.mediation.customevent.CustomEventInterstitialListener
com.google.ads.mediation.customevent.CustomEventListener
com.google.ads.mediation.customevent.CustomEventServerParameters
com.google.android.gcm.GCMBaseIntentService
com.google.android.gcm.GCMBroadcastReceiver
com.google.android.gcm.GCMConstants
com.google.android.gcm.GCMRegistrar
com.google.android.gms.R:
    9:187:public R()
com.google.android.gms.R$attr
com.google.android.gms.R$color
com.google.android.gms.R$drawable
com.google.android.gms.R$id
com.google.android.gms.R$integer
com.google.android.gms.R$raw
com.google.android.gms.R$string:
    143:143:public R$string()
com.google.android.gms.R$style
com.google.android.gms.R$styleable:
    187:187:public R$styleable()
com.google.android.gms.actions.ReserveIntents
com.google.android.gms.actions.SearchIntents
com.google.android.gms.ads.AdActivity
com.google.android.gms.ads.AdListener
com.google.android.gms.ads.AdRequest
com.google.android.gms.ads.AdRequest$1
com.google.android.gms.ads.AdRequest$Builder
com.google.android.gms.ads.AdSize:
    public static final int FULL_WIDTH
    public static final int AUTO_HEIGHT
    public int getHeightInPixels(android.content.Context)
    public int getWidthInPixels(android.content.Context)
    public boolean isAutoHeight()
    public boolean isFullWidth()
com.google.android.gms.ads.AdView
com.google.android.gms.ads.InterstitialAd
com.google.android.gms.ads.a
com.google.android.gms.ads.doubleclick.AppEventListener
com.google.android.gms.ads.doubleclick.PublisherAdRequest
com.google.android.gms.ads.doubleclick.PublisherAdRequest$1